<?xml version="1.0" encoding="UTF-8"?>
<testng-results ignored="0" total="1" passed="1" failed="0" skipped="0">
  <reporter-output>
  </reporter-output>
  <suite started-at="2022-09-20T10:23:32Z" name="Default suite" finished-at="2022-09-20T10:23:33Z" duration-ms="1293">
    <groups>
    </groups>
    <test started-at="2022-09-20T10:23:32Z" name="Default test" finished-at="2022-09-20T10:23:33Z" duration-ms="1293">
      <class name="jdbcProject.DatabaseConnectivity">
        <test-method signature="dbScript()[pri:0, instance:jdbcProject.DatabaseConnectivity@279fedbd]" started-at="2022-09-20T10:23:32Z" name="dbScript" finished-at="2022-09-20T10:23:33Z" duration-ms="1247" status="PASS">
          <reporter-output>
          </reporter-output>
        </test-method> <!-- dbScript -->
      </class> <!-- jdbcProject.DatabaseConnectivity -->
    </test> <!-- Default test -->
  </suite> <!-- Default suite -->
</testng-results>
